{"level":"info","message":"Server is running on port :   27017","timestamp":"2023-12-26T23:30:06.876Z"}
{"level":"info","message":"Server is running on port :   27017","timestamp":"2023-12-27T07:40:31.212Z"}
{"level":"info","message":"Server is running on port :   27017","timestamp":"2023-12-27T07:43:48.210Z"}
{"level":"info","message":"Server is running on port :   27017","timestamp":"2023-12-27T07:45:02.754Z"}
{"level":"info","message":"Server is running on port :   27017","timestamp":"2023-12-27T07:46:13.561Z"}
{"level":"info","message":"Server is running on port :   27017","timestamp":"2023-12-27T07:46:27.979Z"}
{"level":"info","message":"Server is running on port :   27017","timestamp":"2023-12-27T07:46:59.595Z"}
{"level":"info","message":"Server is running on port :   27017","timestamp":"2023-12-27T07:47:07.907Z"}
{"level":"info","message":"Server is running on port :   27017","timestamp":"2023-12-27T07:48:14.332Z"}
{"level":"info","message":"Server is running on port :   27017","timestamp":"2023-12-27T07:48:55.835Z"}
{"level":"info","message":"Server is running on port :   27017","timestamp":"2023-12-27T07:49:25.827Z"}
{"level":"info","message":"Server is running on port :   27017","timestamp":"2023-12-27T07:51:15.414Z"}
{"level":"info","message":"Server is running on port :   27017","timestamp":"2023-12-27T07:53:26.542Z"}
{"level":"info","message":"Server is running on port :   27017","timestamp":"2023-12-27T07:57:35.761Z"}
{"level":"info","message":"Server is running on port :   27017","timestamp":"2023-12-27T07:58:27.052Z"}
{"level":"info","message":"Server is running on port :   27017","timestamp":"2023-12-27T08:00:04.654Z"}
{"level":"info","message":"Server is running on port :   27017","timestamp":"2023-12-27T08:14:50.258Z"}
{"level":"info","message":"Server is running on port :   27017","timestamp":"2023-12-27T08:18:00.662Z"}
{"level":"info","message":"Server is running on port :   27017","timestamp":"2023-12-27T08:21:25.167Z"}
{"level":"info","message":"Server is running on port :   27017","timestamp":"2023-12-27T08:22:41.532Z"}
{"level":"info","message":"Server is running on port :   27017","timestamp":"2023-12-27T08:22:47.159Z"}
{"level":"info","message":"Server is running on port :   27017","timestamp":"2023-12-27T08:23:07.593Z"}
{"level":"info","message":"Server is running on port :   27017","timestamp":"2023-12-27T08:23:20.924Z"}
{"level":"info","message":"Server is running on port :   27017","timestamp":"2023-12-27T08:23:37.230Z"}
{"level":"info","message":"Server is running on port :   27017","timestamp":"2023-12-27T08:23:43.961Z"}
{"level":"info","message":"Server is running on port :   27017","timestamp":"2023-12-27T08:24:02.671Z"}
{"level":"info","message":"Server is running on port :   27017","timestamp":"2023-12-27T08:24:34.141Z"}
{"level":"info","message":"Server is running on port :   27017","timestamp":"2023-12-27T08:27:25.847Z"}
{"level":"info","message":"Server is running on port :   27017","timestamp":"2023-12-27T08:27:33.049Z"}
{"level":"info","message":"Server is running on port :   27017","timestamp":"2023-12-27T08:27:40.211Z"}
{"level":"info","message":"Server is running on port :   27017","timestamp":"2023-12-27T09:43:26.819Z"}
{"level":"info","message":"Server is running on port :   27017","timestamp":"2023-12-27T09:43:55.078Z"}
{"level":"info","message":"Server is running on port :   27017","timestamp":"2023-12-27T09:53:12.687Z"}
{"level":"info","message":"Server is running on port :   27017","timestamp":"2023-12-27T09:53:34.485Z"}
{"level":"info","message":"Server is running on port :   27017","timestamp":"2023-12-27T09:53:38.464Z"}
{"level":"info","message":"Server is running on port :   27017","timestamp":"2023-12-27T10:42:36.909Z"}
{"level":"info","message":"Server is running on port :   27017","timestamp":"2023-12-27T10:42:45.467Z"}
{"level":"info","message":"Server is running on port :   27017","timestamp":"2023-12-27T11:05:52.732Z"}
{"level":"info","message":"Server is running on port :   27017","timestamp":"2023-12-27T11:06:45.186Z"}
{"level":"info","message":"Server is running on port :   27017","timestamp":"2023-12-27T11:27:00.480Z"}
{"level":"info","message":"Server is running on port :   27017","timestamp":"2023-12-27T11:29:54.747Z"}
{"level":"info","message":"Server is running on port :   27017","timestamp":"2023-12-27T11:30:00.560Z"}
{"level":"info","message":"Server is running on port :   27017","timestamp":"2023-12-27T11:34:58.468Z"}
{"level":"info","message":"Server is running on port :   27017","timestamp":"2023-12-27T11:37:37.814Z"}
{"level":"info","message":"Server is running on port :   27017","timestamp":"2023-12-27T11:37:44.317Z"}
{"level":"info","message":"Server is running on port :   27017","timestamp":"2023-12-27T11:38:33.213Z"}
{"level":"info","message":"Server is running on port :   27017","timestamp":"2023-12-27T11:41:18.931Z"}
{"level":"info","message":"Server is running on port :   27017","timestamp":"2023-12-27T11:41:38.110Z"}
{"level":"info","message":"Server is running on port :   27017","timestamp":"2023-12-27T11:42:28.620Z"}
{"level":"info","message":"Server is running on port :   27017","timestamp":"2023-12-27T11:42:53.571Z"}
{"level":"info","message":"Server is running on port :   27017","timestamp":"2023-12-27T11:45:39.647Z"}
{"level":"info","message":"Server is running on port :   27017","timestamp":"2023-12-27T11:45:54.849Z"}
{"level":"info","message":"Server is running on port :   27017","timestamp":"2023-12-27T13:29:08.923Z"}
{"level":"info","message":"Server is running on port :   27017","timestamp":"2023-12-27T13:30:03.497Z"}
{"level":"info","message":"Server is running on port :   27017","timestamp":"2023-12-27T13:32:00.660Z"}
{"level":"info","message":"Server is running on port :   27017","timestamp":"2023-12-27T13:37:38.136Z"}
{"level":"info","message":"Server is running on port :   27017","timestamp":"2023-12-27T13:37:44.105Z"}
{"level":"info","message":"Server is running on port :   27017","timestamp":"2023-12-27T13:39:31.177Z"}
{"level":"info","message":"Server is running on port :   27017","timestamp":"2023-12-27T13:39:46.272Z"}
{"level":"info","message":"Server is running on port :   27017","timestamp":"2023-12-27T13:40:52.161Z"}
{"level":"info","message":"Server is running on port :   27017","timestamp":"2023-12-27T13:41:40.148Z"}
{"level":"info","message":"Server is running on port :   27017","timestamp":"2023-12-27T13:41:55.241Z"}
{"level":"error","message":"Business_Organizations_LKP validation failed: Inserted_By: Path `Inserted_By` is required.","timestamp":"2023-12-27T13:41:58.020Z"}
{"level":"info","message":"Server is running on port :   27017","timestamp":"2023-12-27T13:42:18.140Z"}
{"level":"error","message":"Business_Organizations_LKP validation failed: Inserted_By: Path `Inserted_By` is required.","timestamp":"2023-12-27T13:42:31.123Z"}
{"level":"info","message":"Server is running on port :   27017","timestamp":"2023-12-27T13:43:29.935Z"}
{"level":"error","message":"Business_Organizations_LKP validation failed: Inserted_By: Path `Inserted_By` is required.","timestamp":"2023-12-27T13:44:19.066Z"}
{"level":"error","message":"Business_Organizations_LKP validation failed: Inserted_By: Path `Inserted_By` is required.","timestamp":"2023-12-27T13:47:25.112Z"}
{"level":"info","message":"Server is running on port :   27017","timestamp":"2023-12-27T13:48:44.755Z"}
{"level":"error","message":"Business_Organizations_LKP validation failed: Inserted_By: Path `Inserted_By` is required.","timestamp":"2023-12-27T13:49:00.639Z"}
{"level":"info","message":"Server is running on port :   27017","timestamp":"2023-12-27T13:49:45.105Z"}
{"level":"info","message":"Server is running on port :   27017","timestamp":"2023-12-27T13:50:47.016Z"}
{"level":"info","message":"Server is running on port :   27017","timestamp":"2023-12-27T13:51:01.115Z"}
{"level":"info","message":"Server is running on port :   27017","timestamp":"2023-12-27T13:51:52.891Z"}
{"level":"info","message":"Server is running on port :   27017","timestamp":"2023-12-27T13:54:01.898Z"}
{"level":"info","message":"Server is running on port :   27017","timestamp":"2023-12-27T13:54:05.661Z"}
{"level":"error","message":"Business_Organizations_LKP validation failed: Inserted_By: Path `Inserted_By` is required.","timestamp":"2023-12-27T13:54:13.164Z"}
{"level":"info","message":"Server is running on port :   27017","timestamp":"2023-12-27T13:58:10.920Z"}
{"level":"info","message":"Server is running on port :   27017","timestamp":"2023-12-27T14:01:04.007Z"}
{"level":"info","message":"Server is running on port :   27017","timestamp":"2023-12-27T14:01:43.180Z"}
{"level":"error","message":"Business_Organizations_LKP validation failed: Inserted_By: Path `Inserted_By` is required.","timestamp":"2023-12-27T14:01:52.951Z"}
{"level":"info","message":"Server is running on port :   27017","timestamp":"2023-12-27T14:24:27.108Z"}
{"level":"info","message":"Server is running on port :   27017","timestamp":"2023-12-27T14:24:27.727Z"}
{"level":"info","message":"Server is running on port :   27017","timestamp":"2023-12-27T14:33:37.037Z"}
{"level":"info","message":"Server is running on port :   27017","timestamp":"2023-12-27T14:39:02.795Z"}
{"level":"error","message":"Business_Organizations_LKP validation failed: Inserted_By: Path `Inserted_By` is required.","timestamp":"2023-12-27T14:39:06.247Z"}
{"level":"info","message":"Server is running on port :   27017","timestamp":"2023-12-27T14:39:54.454Z"}
{"level":"info","message":"Server is running on port :   27017","timestamp":"2023-12-27T14:41:35.758Z"}
{"level":"info","message":"Server is running on port :   27017","timestamp":"2023-12-27T15:11:37.284Z"}
{"level":"info","message":"Server is running on port :   27017","timestamp":"2023-12-27T15:13:59.221Z"}
{"level":"info","message":"Server is running on port :   27017","timestamp":"2023-12-27T15:21:06.849Z"}
{"level":"info","message":"Server is running on port :   27017","timestamp":"2023-12-27T15:23:31.821Z"}
{"level":"info","message":"Server is running on port :   27017","timestamp":"2023-12-27T15:24:14.641Z"}
{"level":"info","message":"Server is running on port :   27017","timestamp":"2023-12-27T15:24:30.934Z"}
{"level":"info","message":"Server is running on port :   27017","timestamp":"2023-12-27T15:28:48.191Z"}
{"level":"info","message":"Server is running on port :   27017","timestamp":"2023-12-27T15:40:46.221Z"}
{"level":"info","message":"Server is running on port :   27017","timestamp":"2023-12-27T15:41:39.364Z"}
{"level":"info","message":"Server is running on port :   27017","timestamp":"2023-12-27T16:14:19.710Z"}
{"level":"info","message":"Server is running on port :   27017","timestamp":"2023-12-27T16:21:26.417Z"}
{"level":"info","message":"Server is running on port :   27017","timestamp":"2023-12-27T16:28:24.932Z"}
{"level":"info","message":"Server is running on port :   27017","timestamp":"2023-12-27T16:29:20.019Z"}
{"level":"info","message":"Server is running on port :   27017","timestamp":"2023-12-27T16:31:23.815Z"}
{"level":"info","message":"Server is running on port :   27017","timestamp":"2023-12-27T16:34:10.891Z"}
{"level":"info","message":"Server is running on port :   27017","timestamp":"2023-12-27T16:34:23.150Z"}
{"level":"info","message":"Server is running on port :   27017","timestamp":"2023-12-27T16:34:43.666Z"}
{"level":"info","message":"Server is running on port :   27017","timestamp":"2023-12-27T16:35:38.347Z"}
{"level":"info","message":"Server is running on port :   27017","timestamp":"2023-12-27T18:32:13.017Z"}
{"level":"info","message":"Server is running on port :   27017","timestamp":"2023-12-27T18:33:05.333Z"}
{"level":"info","message":"Server is running on port :   27017","timestamp":"2023-12-27T18:34:13.361Z"}
{"level":"error","message":"User_Data validation failed: Business_Organization_ID: Path `Business_Organization_ID` is required., Location: Path `Location` is required., Address: Path `Address` is required., Phone_Number: Path `Phone_Number` is required., User_Roles_ID: Path `User_Roles_ID` is required., Last_Name: Path `Last_Name` is required., First_Name: Path `First_Name` is required., Password: Path `Password` is required., Email: Path `Email` is required., Serial_Number: Path `Serial_Number` is required., Inserted_By: Path `Inserted_By` is required.","timestamp":"2023-12-27T18:34:19.040Z"}
{"level":"info","message":"Server is running on port :   27017","timestamp":"2023-12-27T18:37:20.847Z"}
{"level":"info","message":"Server is running on port :   27017","timestamp":"2023-12-27T18:39:02.498Z"}
{"level":"error","message":"User_Data validation failed: Serial_Number: Path `Serial_Number` is required., Inserted_By: Path `Inserted_By` is required.","timestamp":"2023-12-27T18:39:18.400Z"}
{"level":"info","message":"Server is running on port :   27017","timestamp":"2023-12-27T18:40:33.824Z"}
{"level":"error","message":"Cannot read properties of undefined (reading 'Messages_Title_En')","timestamp":"2023-12-27T18:40:36.984Z"}
{"level":"info","message":"Server is running on port :   27017","timestamp":"2023-12-27T18:48:22.171Z"}
{"level":"info","message":"Server is running on port :   27017","timestamp":"2023-12-27T18:53:28.557Z"}
{"level":"info","message":"Server is running on port :   27017","timestamp":"2023-12-27T18:57:29.062Z"}
{"level":"info","message":"Server is running on port :   27017","timestamp":"2023-12-27T18:58:20.732Z"}
{"level":"info","message":"Server is running on port :   27017","timestamp":"2023-12-27T21:44:45.000Z"}
{"level":"info","message":"Server is running on port :   27017","timestamp":"2023-12-27T21:45:29.593Z"}
{"level":"info","message":"Server is running on port :   27017","timestamp":"2023-12-27T21:45:46.253Z"}
{"level":"error","message":"User_Data validation failed: Business_Organization_ID: Path `Business_Organization_ID` is required., Location: Path `Location` is required., Address: Path `Address` is required., Phone_Number: Path `Phone_Number` is required., User_Roles_ID: Path `User_Roles_ID` is required., Last_Name: Path `Last_Name` is required., First_Name: Path `First_Name` is required., Password: Path `Password` is required., Email: Path `Email` is required.","timestamp":"2023-12-27T21:46:29.943Z"}
{"level":"info","message":"Server is running on port :   27017","timestamp":"2023-12-27T21:50:00.045Z"}
{"level":"error","message":"User_Data validation failed: Business_Organization_ID: Path `Business_Organization_ID` is required., Location: Path `Location` is required., Address: Path `Address` is required., Phone_Number: Path `Phone_Number` is required., User_Roles_ID: Path `User_Roles_ID` is required., Last_Name: Path `Last_Name` is required., First_Name: Path `First_Name` is required., Password: Path `Password` is required., Email: Path `Email` is required.","timestamp":"2023-12-27T21:51:18.992Z"}
{"level":"info","message":"Server is running on port :   27017","timestamp":"2023-12-27T21:52:40.125Z"}
{"level":"error","message":"User_Data validation failed: Business_Organization_ID: Path `Business_Organization_ID` is required., Location: Path `Location` is required., Address: Path `Address` is required., Phone_Number: Path `Phone_Number` is required., User_Roles_ID: Path `User_Roles_ID` is required., Last_Name: Path `Last_Name` is required., First_Name: Path `First_Name` is required., Password: Path `Password` is required., Email: Path `Email` is required.","timestamp":"2023-12-27T21:53:04.908Z"}
{"level":"info","message":"Server is running on port :   27017","timestamp":"2023-12-27T21:54:32.395Z"}
{"level":"info","message":"Server is running on port :   27017","timestamp":"2023-12-27T21:55:17.265Z"}
{"level":"error","message":"User_Data validation failed: Business_Organization_ID: Path `Business_Organization_ID` is required., Location: Path `Location` is required., Address: Path `Address` is required., Phone_Number: Path `Phone_Number` is required., User_Roles_ID: Path `User_Roles_ID` is required., Last_Name: Path `Last_Name` is required., First_Name: Path `First_Name` is required., Password: Path `Password` is required., Email: Path `Email` is required.","timestamp":"2023-12-27T21:55:21.076Z"}
{"level":"info","message":"Server is running on port :   27017","timestamp":"2023-12-27T21:56:22.982Z"}
{"level":"error","message":"User_Data validation failed: Business_Organization_ID: Path `Business_Organization_ID` is required., Location: Path `Location` is required., Address: Path `Address` is required., Phone_Number: Path `Phone_Number` is required., User_Roles_ID: Path `User_Roles_ID` is required., Last_Name: Path `Last_Name` is required., First_Name: Path `First_Name` is required., Password: Path `Password` is required., Email: Path `Email` is required.","timestamp":"2023-12-27T21:56:26.061Z"}
{"level":"info","message":"Server is running on port :   27017","timestamp":"2023-12-27T21:56:37.740Z"}
{"level":"info","message":"Server is running on port :   27017","timestamp":"2023-12-27T21:57:44.146Z"}
{"level":"info","message":"Server is running on port :   27017","timestamp":"2023-12-27T21:58:03.696Z"}
{"level":"info","message":"Server is running on port :   27017","timestamp":"2023-12-27T22:00:33.762Z"}
{"level":"info","message":"Server is running on port :   27017","timestamp":"2023-12-27T22:00:56.676Z"}
{"level":"error","message":"Cannot read properties of undefined (reading 'Messages_Title_En')","timestamp":"2023-12-27T22:03:15.201Z"}
{"level":"info","message":"Server is running on port :   27017","timestamp":"2023-12-27T22:06:47.737Z"}
{"level":"info","message":"Server is running on port :   27017","timestamp":"2023-12-27T22:09:36.907Z"}
{"level":"info","message":"Server is running on port :   27017","timestamp":"2023-12-27T22:11:53.150Z"}
{"level":"info","message":"Server is running on port :   27017","timestamp":"2023-12-27T22:12:28.500Z"}
{"level":"info","message":"Server is running on port :   27017","timestamp":"2023-12-27T22:14:48.115Z"}
{"level":"info","message":"Server is running on port :   27017","timestamp":"2023-12-27T22:16:42.052Z"}
{"level":"info","message":"Server is running on port :   27017","timestamp":"2023-12-27T22:26:00.187Z"}
{"level":"info","message":"Server is running on port :   27017","timestamp":"2023-12-27T22:36:57.781Z"}
{"level":"info","message":"Server is running on port :   27017","timestamp":"2023-12-27T22:42:20.596Z"}
{"level":"info","message":"Server is running on port :   27017","timestamp":"2023-12-27T22:57:43.961Z"}
{"level":"info","message":"Server is running on port :   27017","timestamp":"2023-12-27T23:00:59.491Z"}
{"level":"info","message":"Server is running on port :   27017","timestamp":"2023-12-27T23:01:10.289Z"}
{"level":"info","message":"Server is running on port :   27017","timestamp":"2023-12-27T23:01:13.900Z"}
{"level":"info","message":"Server is running on port :   27017","timestamp":"2023-12-27T23:01:40.062Z"}
{"level":"info","message":"Server is running on port :   27017","timestamp":"2023-12-27T23:02:36.560Z"}
{"level":"info","message":"Server is running on port :   27017","timestamp":"2023-12-27T23:03:24.586Z"}
{"level":"info","message":"Server is running on port :   27017","timestamp":"2023-12-27T23:05:12.773Z"}
{"level":"info","message":"Server is running on port :   27017","timestamp":"2023-12-27T23:05:28.948Z"}
{"level":"info","message":"Server is running on port :   27017","timestamp":"2023-12-27T23:09:30.045Z"}
{"level":"info","message":"Server is running on port :   27017","timestamp":"2023-12-27T23:11:23.185Z"}
{"level":"info","message":"Server is running on port :   27017","timestamp":"2023-12-27T23:14:59.853Z"}
{"level":"info","message":"Server is running on port :   27017","timestamp":"2023-12-27T23:32:09.353Z"}
{"level":"info","message":"Server is running on port :   27017","timestamp":"2023-12-27T23:40:25.322Z"}
{"level":"info","message":"Server is running on port :   27017","timestamp":"2023-12-27T23:43:18.275Z"}
{"level":"info","message":"Server is running on port :   27017","timestamp":"2023-12-27T23:44:05.164Z"}
{"level":"info","message":"Server is running on port :   27017","timestamp":"2023-12-27T23:44:06.519Z"}
{"level":"info","message":"Server is running on port :   27017","timestamp":"2023-12-27T23:50:30.181Z"}
{"level":"info","message":"Server is running on port :   27017","timestamp":"2023-12-27T23:51:13.203Z"}
{"level":"info","message":"Server is running on port :   27017","timestamp":"2023-12-27T23:53:55.531Z"}
{"level":"info","message":"Server is running on port :   27017","timestamp":"2023-12-27T23:54:31.779Z"}
{"level":"error","message":"input must be a 24 character hex string, 12 byte Uint8Array, or an integer","timestamp":"2023-12-27T23:54:36.144Z"}
{"level":"info","message":"Server is running on port :   27017","timestamp":"2023-12-27T23:55:03.540Z"}
{"level":"error","message":"input must be a 24 character hex string, 12 byte Uint8Array, or an integer","timestamp":"2023-12-27T23:55:05.814Z"}
{"level":"info","message":"Server is running on port :   27017","timestamp":"2023-12-27T23:55:21.295Z"}
{"level":"error","message":"input must be a 24 character hex string, 12 byte Uint8Array, or an integer","timestamp":"2023-12-27T23:55:25.682Z"}
{"level":"error","message":"input must be a 24 character hex string, 12 byte Uint8Array, or an integer","timestamp":"2023-12-27T23:58:14.287Z"}
{"level":"info","message":"Server is running on port :   27017","timestamp":"2023-12-27T23:59:33.624Z"}
{"level":"info","message":"Server is running on port :   27017","timestamp":"2023-12-27T23:59:36.815Z"}
{"level":"info","message":"Server is running on port :   27017","timestamp":"2023-12-28T00:01:24.967Z"}
{"level":"info","message":"Server is running on port :   27017","timestamp":"2023-12-28T08:29:34.177Z"}
{"level":"info","message":"Server is running on port :   27017","timestamp":"2023-12-28T08:30:44.375Z"}
{"level":"info","message":"Server is running on port :   27017","timestamp":"2023-12-28T08:30:47.170Z"}
{"level":"info","message":"Server is running on port :   27017","timestamp":"2023-12-28T08:30:49.090Z"}
{"level":"info","message":"Server is running on port :   27017","timestamp":"2023-12-28T08:31:21.432Z"}
{"level":"info","message":"Server is running on port :   27017","timestamp":"2023-12-28T08:31:43.696Z"}
{"level":"info","message":"Server is running on port :   27017","timestamp":"2023-12-28T08:32:57.705Z"}
{"level":"info","message":"Server is running on port :   27017","timestamp":"2023-12-28T08:33:44.526Z"}
{"level":"info","message":"Server is running on port :   27017","timestamp":"2023-12-28T08:34:11.999Z"}
{"level":"info","message":"Server is running on port :   27017","timestamp":"2023-12-28T08:34:41.348Z"}
{"level":"info","message":"Server is running on port :   27017","timestamp":"2023-12-28T08:34:53.507Z"}
{"level":"info","message":"Server is running on port :   27017","timestamp":"2023-12-28T08:35:24.334Z"}
{"level":"info","message":"Server is running on port :   27017","timestamp":"2023-12-28T08:37:42.762Z"}
{"level":"info","message":"Server is running on port :   27017","timestamp":"2023-12-28T09:10:26.568Z"}
{"level":"info","message":"Server is running on port :   27017","timestamp":"2023-12-28T09:16:24.559Z"}
{"level":"info","message":"Server is running on port :   27017","timestamp":"2023-12-28T09:18:07.861Z"}
{"level":"info","message":"Server is running on port :   27017","timestamp":"2023-12-28T09:22:41.508Z"}
{"level":"info","message":"Server is running on port :   27017","timestamp":"2023-12-28T09:46:02.111Z"}
{"level":"info","message":"Server is running on port :   27017","timestamp":"2023-12-28T09:46:05.753Z"}
{"level":"info","message":"Server is running on port :   27017","timestamp":"2023-12-28T09:47:28.298Z"}
{"level":"info","message":"Server is running on port :   27017","timestamp":"2023-12-28T10:07:40.036Z"}
{"level":"info","message":"Server is running on port :   27017","timestamp":"2023-12-28T10:15:16.877Z"}
{"level":"info","message":"Server is running on port :   27017","timestamp":"2023-12-28T10:15:20.554Z"}
{"level":"info","message":"Server is running on port :   27017","timestamp":"2023-12-28T10:18:40.013Z"}
{"level":"info","message":"Server is running on port :   27017","timestamp":"2023-12-28T10:19:06.306Z"}
{"level":"info","message":"Server is running on port :   27017","timestamp":"2023-12-28T10:38:35.614Z"}
{"level":"info","message":"Server is running on port :   27017","timestamp":"2023-12-28T10:41:59.174Z"}
{"level":"info","message":"Server is running on port :   27017","timestamp":"2023-12-28T10:55:50.413Z"}
{"level":"info","message":"Server is running on port :   27017","timestamp":"2023-12-28T10:59:01.932Z"}
{"level":"info","message":"Server is running on port :   27017","timestamp":"2023-12-28T11:01:59.816Z"}
{"level":"info","message":"Server is running on port :   27017","timestamp":"2023-12-28T11:03:54.196Z"}
{"level":"info","message":"Server is running on port :   27017","timestamp":"2023-12-28T11:05:15.065Z"}
{"level":"info","message":"Server is running on port :   27017","timestamp":"2023-12-28T11:06:48.195Z"}
{"level":"info","message":"Server is running on port :   27017","timestamp":"2023-12-28T11:13:03.792Z"}
{"level":"info","message":"Server is running on port :   27017","timestamp":"2023-12-28T11:13:25.732Z"}
{"level":"info","message":"Server is running on port :   27017","timestamp":"2023-12-28T11:13:47.424Z"}
{"level":"info","message":"Server is running on port :   27017","timestamp":"2023-12-28T11:13:55.797Z"}
{"level":"error","message":"Cannot read properties of undefined (reading 'Messages_Title_En')","timestamp":"2023-12-28T11:16:29.484Z"}
{"level":"info","message":"Server is running on port :   27017","timestamp":"2023-12-28T11:17:35.038Z"}
{"level":"info","message":"Server is running on port :   27017","timestamp":"2023-12-28T11:27:28.260Z"}
{"level":"info","message":"Server is running on port :   27017","timestamp":"2023-12-28T11:27:39.787Z"}
{"level":"info","message":"Server is running on port :   27017","timestamp":"2023-12-28T11:30:00.981Z"}
{"level":"info","message":"Server is running on port :   27017","timestamp":"2023-12-28T11:42:27.927Z"}
{"level":"info","message":"Server is running on port :   27017","timestamp":"2023-12-28T11:42:30.962Z"}
{"level":"info","message":"Server is running on port :   27017","timestamp":"2023-12-28T11:43:02.180Z"}
{"level":"info","message":"Server is running on port :   27017","timestamp":"2023-12-28T11:54:00.998Z"}
{"level":"info","message":"Server is running on port :   27017","timestamp":"2023-12-28T12:45:11.784Z"}
{"level":"info","message":"Server is running on port :   27017","timestamp":"2023-12-28T12:45:53.580Z"}
{"level":"info","message":"Server is running on port :   27017","timestamp":"2023-12-28T13:41:57.879Z"}
{"level":"info","message":"Server is running on port :   27017","timestamp":"2023-12-28T13:42:15.321Z"}
{"level":"info","message":"Server is running on port :   27017","timestamp":"2023-12-28T13:42:46.365Z"}
{"level":"error","message":"Cannot read properties of undefined (reading 'Messages_Title_En')","timestamp":"2023-12-28T13:43:31.024Z"}
{"level":"info","message":"Server is running on port :   27017","timestamp":"2023-12-28T13:44:20.017Z"}
{"level":"info","message":"Server is running on port :   27017","timestamp":"2023-12-28T13:49:16.052Z"}
{"level":"info","message":"Server is running on port :   27017","timestamp":"2023-12-28T13:49:38.520Z"}
{"level":"info","message":"Server is running on port :   27017","timestamp":"2023-12-28T13:52:08.087Z"}
{"level":"info","message":"Server is running on port :   27017","timestamp":"2023-12-28T13:52:19.968Z"}
{"level":"info","message":"Server is running on port :   27017","timestamp":"2023-12-28T13:57:54.755Z"}
{"level":"info","message":"Server is running on port :   27017","timestamp":"2023-12-28T14:02:08.633Z"}
{"level":"info","message":"Server is running on port :   27017","timestamp":"2023-12-28T14:02:48.130Z"}
{"level":"info","message":"Server is running on port :   27017","timestamp":"2023-12-28T14:02:57.238Z"}
{"level":"info","message":"Server is running on port :   27017","timestamp":"2023-12-28T14:03:06.402Z"}
{"level":"info","message":"Server is running on port :   27017","timestamp":"2023-12-28T14:03:10.617Z"}
{"level":"info","message":"Server is running on port :   27017","timestamp":"2023-12-28T14:03:44.959Z"}
{"level":"info","message":"Server is running on port :   27017","timestamp":"2023-12-28T14:03:49.759Z"}
{"level":"error","message":"sent_Table is not defined","timestamp":"2023-12-28T14:04:46.965Z"}
{"level":"info","message":"Server is running on port :   27017","timestamp":"2023-12-28T14:06:07.267Z"}
{"level":"info","message":"Server is running on port :   27017","timestamp":"2023-12-28T14:31:00.053Z"}
{"level":"info","message":"Server is running on port :   27017","timestamp":"2023-12-28T14:33:33.062Z"}
{"level":"info","message":"Server is running on port :   27017","timestamp":"2023-12-28T14:34:13.192Z"}
{"level":"info","message":"Server is running on port :   27017","timestamp":"2023-12-28T14:44:23.583Z"}
{"level":"info","message":"Server is running on port :   27017","timestamp":"2023-12-28T14:44:41.485Z"}
{"level":"info","message":"Server is running on port :   27017","timestamp":"2023-12-28T14:50:07.884Z"}
{"level":"info","message":"Server is running on port :   27017","timestamp":"2023-12-28T14:56:19.785Z"}
{"level":"info","message":"Server is running on port :   27017","timestamp":"2023-12-28T14:58:06.964Z"}
{"level":"info","message":"Server is running on port :   27017","timestamp":"2023-12-28T15:00:51.851Z"}
{"level":"info","message":"Server is running on port :   27017","timestamp":"2023-12-28T15:00:56.718Z"}
{"level":"error","message":"Cannot read properties of undefined (reading 'Messages_Title_En')","timestamp":"2023-12-28T15:01:38.266Z"}
{"level":"info","message":"Server is running on port :   27017","timestamp":"2023-12-30T09:29:20.540Z"}
{"level":"info","message":"Server is running on port :   27017","timestamp":"2023-12-30T09:31:41.460Z"}
{"level":"info","message":"Server is running on port :   27017","timestamp":"2023-12-30T09:31:58.321Z"}
{"level":"info","message":"Server is running on port :   27017","timestamp":"2023-12-30T09:32:08.392Z"}
{"level":"info","message":"Server is running on port :   27017","timestamp":"2023-12-30T09:37:34.415Z"}
{"level":"info","message":"Server is running on port :   27017","timestamp":"2023-12-30T09:37:42.073Z"}
{"level":"info","message":"Server is running on port :   27017","timestamp":"2023-12-30T10:24:33.306Z"}
{"level":"info","message":"Server is running on port :   27017","timestamp":"2023-12-30T10:24:50.191Z"}
{"level":"info","message":"Server is running on port :   27017","timestamp":"2023-12-30T10:29:26.261Z"}
{"level":"info","message":"Server is running on port :   27017","timestamp":"2023-12-30T10:29:43.880Z"}
{"level":"info","message":"Server is running on port :   27017","timestamp":"2023-12-30T10:30:08.657Z"}
{"level":"info","message":"Server is running on port :   27017","timestamp":"2023-12-30T10:31:59.130Z"}
{"level":"info","message":"Server is running on port :   27017","timestamp":"2023-12-30T10:34:19.789Z"}
{"level":"info","message":"Server is running on port :   27017","timestamp":"2023-12-30T10:34:23.850Z"}
{"level":"info","message":"Server is running on port :   27017","timestamp":"2023-12-30T10:37:35.675Z"}
{"level":"info","message":"Server is running on port :   27017","timestamp":"2023-12-30T10:37:43.054Z"}
{"level":"info","message":"Server is running on port :   27017","timestamp":"2023-12-30T10:37:53.659Z"}
{"level":"info","message":"Server is running on port :   27017","timestamp":"2023-12-30T10:55:07.169Z"}
{"level":"info","message":"Server is running on port :   27017","timestamp":"2023-12-30T10:56:11.264Z"}
{"level":"info","message":"Server is running on port :   27017","timestamp":"2023-12-30T10:59:40.838Z"}
{"level":"info","message":"Server is running on port :   27017","timestamp":"2023-12-30T11:00:51.439Z"}
{"level":"info","message":"Server is running on port :   27017","timestamp":"2023-12-30T11:00:58.712Z"}
{"level":"info","message":"Server is running on port :   27017","timestamp":"2023-12-30T11:25:46.283Z"}
{"level":"info","message":"Server is running on port :   27017","timestamp":"2023-12-30T11:28:00.221Z"}
{"level":"info","message":"Server is running on port :   27017","timestamp":"2023-12-30T11:36:07.340Z"}
{"level":"info","message":"Server is running on port :   27017","timestamp":"2023-12-30T11:39:10.727Z"}
{"level":"info","message":"Server is running on port :   27017","timestamp":"2023-12-30T13:55:39.925Z"}
{"level":"info","message":"Server is running on port :   27017","timestamp":"2023-12-30T13:55:41.217Z"}
{"level":"info","message":"Server is running on port :   27017","timestamp":"2023-12-30T13:55:44.783Z"}
{"level":"info","message":"Server is running on port :   27017","timestamp":"2023-12-30T13:55:51.169Z"}
{"level":"info","message":"Server is running on port :   27017","timestamp":"2023-12-30T14:25:23.111Z"}
{"level":"info","message":"Server is running on port :   27017","timestamp":"2023-12-30T14:31:00.002Z"}
{"level":"info","message":"Server is running on port :   27017","timestamp":"2023-12-30T14:33:43.589Z"}
{"level":"info","message":"Server is running on port :   27017","timestamp":"2023-12-30T14:34:42.136Z"}
{"level":"info","message":"Server is running on port :   27017","timestamp":"2023-12-30T14:40:52.295Z"}
{"level":"info","message":"Server is running on port :   27017","timestamp":"2023-12-30T14:41:27.897Z"}
{"level":"info","message":"Server is running on port :   27017","timestamp":"2023-12-30T14:43:29.455Z"}
{"level":"info","message":"Server is running on port :   27017","timestamp":"2023-12-30T14:44:57.158Z"}
{"level":"info","message":"Server is running on port :   27017","timestamp":"2023-12-30T16:24:46.445Z"}
{"level":"info","message":"Server is running on port :   27017","timestamp":"2023-12-30T16:27:08.820Z"}
{"level":"info","message":"Server is running on port :   27017","timestamp":"2023-12-30T16:29:22.514Z"}
{"level":"info","message":"Server is running on port :   27017","timestamp":"2023-12-30T16:31:11.827Z"}
{"level":"info","message":"Server is running on port :   27017","timestamp":"2023-12-30T16:31:18.200Z"}
{"level":"info","message":"Server is running on port :   27017","timestamp":"2023-12-30T16:34:09.296Z"}
{"level":"info","message":"Server is running on port :   27017","timestamp":"2023-12-30T16:36:50.183Z"}
{"level":"info","message":"Server is running on port :   27017","timestamp":"2023-12-30T16:48:27.781Z"}
{"level":"info","message":"Server is running on port :   27017","timestamp":"2023-12-30T17:01:38.201Z"}
{"level":"info","message":"Server is running on port :   27017","timestamp":"2023-12-30T17:06:29.962Z"}
{"level":"info","message":"Server is running on port :   27017","timestamp":"2023-12-30T17:06:51.128Z"}
{"level":"info","message":"Server is running on port :   27017","timestamp":"2023-12-30T17:50:40.997Z"}
{"level":"info","message":"Server is running on port :   27017","timestamp":"2023-12-30T17:51:10.538Z"}
{"level":"info","message":"Server is running on port :   27017","timestamp":"2023-12-30T17:52:13.046Z"}
{"level":"info","message":"Server is running on port :   27017","timestamp":"2023-12-30T18:29:25.146Z"}
{"level":"info","message":"Server is running on port :   27017","timestamp":"2023-12-30T18:43:05.649Z"}
{"level":"info","message":"Server is running on port :   27017","timestamp":"2023-12-30T18:43:26.471Z"}
{"level":"info","message":"Server is running on port :   27017","timestamp":"2023-12-30T18:47:58.249Z"}
{"level":"info","message":"Server is running on port :   27017","timestamp":"2023-12-30T18:48:12.138Z"}
{"level":"info","message":"Server is running on port :   27017","timestamp":"2023-12-30T18:48:52.397Z"}
{"level":"info","message":"Server is running on port :   27017","timestamp":"2023-12-30T18:48:58.987Z"}
{"level":"info","message":"Server is running on port :   27017","timestamp":"2023-12-30T19:17:41.768Z"}
{"level":"info","message":"Server is running on port :   27017","timestamp":"2023-12-30T19:17:44.227Z"}
{"level":"info","message":"Server is running on port :   27017","timestamp":"2023-12-30T19:19:32.747Z"}
{"level":"info","message":"Server is running on port :   27017","timestamp":"2023-12-30T19:20:37.433Z"}
{"level":"info","message":"Server is running on port :   27017","timestamp":"2023-12-30T19:21:11.377Z"}
{"level":"info","message":"Server is running on port :   27017","timestamp":"2023-12-30T19:23:18.133Z"}
{"level":"info","message":"Server is running on port :   27017","timestamp":"2023-12-30T19:24:29.396Z"}
{"level":"info","message":"Server is running on port :   27017","timestamp":"2023-12-30T19:27:36.909Z"}
{"level":"info","message":"Server is running on port :   27017","timestamp":"2023-12-30T19:29:42.609Z"}
{"level":"info","message":"Server is running on port :   27017","timestamp":"2023-12-30T19:34:30.216Z"}
{"level":"info","message":"Server is running on port :   27017","timestamp":"2023-12-30T19:34:39.541Z"}
{"level":"info","message":"Server is running on port :   27017","timestamp":"2023-12-30T19:35:07.994Z"}
{"level":"info","message":"Server is running on port :   27017","timestamp":"2023-12-30T19:37:15.778Z"}
{"level":"info","message":"Server is running on port :   27017","timestamp":"2023-12-30T19:37:46.982Z"}
{"level":"info","message":"Server is running on port :   27017","timestamp":"2023-12-30T19:54:45.884Z"}
{"level":"info","message":"Server is running on port :   27017","timestamp":"2023-12-30T20:00:10.531Z"}
{"level":"info","message":"Server is running on port :   27017","timestamp":"2023-12-30T20:00:12.850Z"}
